<?xml version="1.0" encoding="UTF-8"?>
<testsuite name="testingExercise1.TestTestingExercise1" tests="5" skipped="0" failures="0" errors="0" timestamp="2025-02-09T14:34:37" hostname="MEDA-DESKTOP" time="0.019">
  <properties/>
  <testcase name="testAbs1" classname="testingExercise1.TestTestingExercise1" time="0.006"/>
  <testcase name="testAbs2" classname="testingExercise1.TestTestingExercise1" time="0.0"/>
  <testcase name="testAbs3" classname="testingExercise1.TestTestingExercise1" time="0.0"/>
  <testcase name="testAbs4" classname="testingExercise1.TestTestingExercise1" time="0.0"/>
  <testcase name="testOutput" classname="testingExercise1.TestTestingExercise1" time="0.011"/>
  <system-out><![CDATA[]]></system-out>
  <system-err><![CDATA[]]></system-err>
</testsuite>
